<<<<<<< HEAD
<<<<<<< HEAD
This is pdfTeX, Version 3.141592653-2.6-1.40.25 (MiKTeX 24.1) (preloaded format=pdflatex 2025.10.6)  10 OCT 2025 15:23
=======
This is pdfTeX, Version 3.141592653-2.6-1.40.25 (MiKTeX 23.10.12) (preloaded format=pdflatex 2024.1.2)  6 OCT 2025 12:21
>>>>>>> b5f037bf6d5267855f4da48c4e8f6d1cf4c7919e
=======
This is pdfTeX, Version 3.141592653-2.6-1.40.26 (MiKTeX 24.4) (preloaded format=pdflatex 2024.8.27)  10 OCT 2025 15:30
>>>>>>> ed0b31a1210eeeff51026a25c287980c8aa49da2
entering extended mode
 restricted \write18 enabled.
 %&-line parsing enabled.
**./essay.tex
(essay.tex
<<<<<<< HEAD
<<<<<<< HEAD
LaTeX2e <2023-11-01> patch level 1
L3 programming layer <2024-01-04>
(C:\Users\carlo\AppData\Local\Programs\MiKTeX\tex/latex/base\article.cls
Document Class: article 2023/05/17 v1.4n Standard LaTeX document class
(C:\Users\carlo\AppData\Local\Programs\MiKTeX\tex/latex/base\size12.clo
=======
LaTeX2e <2023-11-01>
L3 programming layer <2023-12-08>
(C:\Users\diogo\AppData\Local\Programs\MiKTeX\tex/latex/base\article.cls
Document Class: article 2023/05/17 v1.4n Standard LaTeX document class
(C:\Users\diogo\AppData\Local\Programs\MiKTeX\tex/latex/base\size12.clo
>>>>>>> b5f037bf6d5267855f4da48c4e8f6d1cf4c7919e
File: size12.clo 2023/05/17 v1.4n Standard LaTeX file (size option)
=======
LaTeX2e <2024-06-01> patch level 2
L3 programming layer <2024-07-20>
(C:\Users\Basi\AppData\Local\Programs\MiKTeX\tex/latex/base\article.cls
Document Class: article 2024/02/08 v1.4n Standard LaTeX document class
(C:\Users\Basi\AppData\Local\Programs\MiKTeX\tex/latex/base\size12.clo
File: size12.clo 2024/02/08 v1.4n Standard LaTeX file (size option)
>>>>>>> ed0b31a1210eeeff51026a25c287980c8aa49da2
)
\c@part=\count194
\c@section=\count195
\c@subsection=\count196
\c@subsubsection=\count197
\c@paragraph=\count198
\c@subparagraph=\count199
\c@figure=\count266
\c@table=\count267
\abovecaptionskip=\skip49
\belowcaptionskip=\skip50
\bibindent=\dimen141
)
<<<<<<< HEAD
<<<<<<< HEAD
(C:\Users\carlo\AppData\Local\Programs\MiKTeX\tex/generic/babel\babel.sty
Package: babel 2024/01/07 v24.1 The Babel package
=======
(C:\Users\diogo\AppData\Local\Programs\MiKTeX\tex/generic/babel\babel.sty
Package: babel 2023/12/06 v3.98 The Babel package
>>>>>>> b5f037bf6d5267855f4da48c4e8f6d1cf4c7919e
\babel@savecnt=\count195
\U@D=\dimen141
\l@unhyphenated=\language79

<<<<<<< HEAD
(C:\Users\carlo\AppData\Local\Programs\MiKTeX\tex/generic/babel\txtbabel.def)
=======
(C:\Users\diogo\AppData\Local\Programs\MiKTeX\tex/generic/babel\txtbabel.def)
>>>>>>> b5f037bf6d5267855f4da48c4e8f6d1cf4c7919e
=======
(C:\Users\Basi\AppData\Local\Programs\MiKTeX\tex/generic/babel\babel.sty
Package: babel 2024/06/26 v24.7 The Babel package
\babel@savecnt=\count268
\U@D=\dimen142
\l@unhyphenated=\language79

(C:\Users\Basi\AppData\Local\Programs\MiKTeX\tex/generic/babel\txtbabel.def)
>>>>>>> ed0b31a1210eeeff51026a25c287980c8aa49da2
\bbl@readstream=\read2
\bbl@dirlevel=\count269

*************************************
* Local config file bblopts.cfg used
*
<<<<<<< HEAD
<<<<<<< HEAD
(C:\Users\carlo\AppData\Local\Programs\MiKTeX\tex/latex/arabi\bblopts.cfg
File: bblopts.cfg 2005/09/08 v0.1 add Arabic and Farsi to "declared" options of
 babel
)
(C:\Users\carlo\AppData\Local\Programs\MiKTeX\tex/latex/babel-portuges\portugue
=======
(C:\Users\diogo\AppData\Local\Programs\MiKTeX\tex/latex/arabi\bblopts.cfg
File: bblopts.cfg 2005/09/08 v0.1 add Arabic and Farsi to "declared" options of
 babel
)
(C:\Users\diogo\AppData\Local\Programs\MiKTeX\tex/latex/babel-portuges\portugue
>>>>>>> b5f037bf6d5267855f4da48c4e8f6d1cf4c7919e
se.ldf
Language: portuges 2021/07/09 v1.2t Portuguese support from the babel system
Package babel Info: Making " an active character on input line 143.
))
<<<<<<< HEAD
(C:\Users\carlo\AppData\Local\Programs\MiKTeX\tex/generic/babel/locale/pt\babel
=======
(C:\Users\diogo\AppData\Local\Programs\MiKTeX\tex/generic/babel/locale/pt\babel
>>>>>>> b5f037bf6d5267855f4da48c4e8f6d1cf4c7919e
-portuguese.tex
Package babel Info: Importing font and identification data for portuguese
(babel)             from babel-pt.ini. Reported on input line 11.
)
<<<<<<< HEAD
(C:\Users\carlo\AppData\Local\Programs\MiKTeX\tex/latex/microtype\microtype.sty
Package: microtype 2025/07/09 v3.2b Micro-typographical refinements (RS)
(C:\Users\carlo\AppData\Local\Programs\MiKTeX\tex/latex/graphics\keyval.sty
Package: keyval 2022/05/29 v1.15 key=value parser (DPC)
\KV@toks@=\toks17
)
(C:\Users\carlo\AppData\Local\Programs\MiKTeX\tex/latex/etoolbox\etoolbox.sty
=======
(C:\Users\diogo\AppData\Local\Programs\MiKTeX\tex/latex/microtype\microtype.sty
Package: microtype 2024/12/12 v3.2 Micro-typographical refinements (RS)
(C:\Users\diogo\AppData\Local\Programs\MiKTeX\tex/latex/graphics\keyval.sty
Package: keyval 2022/05/29 v1.15 key=value parser (DPC)
\KV@toks@=\toks17
)
(C:\Users\diogo\AppData\Local\Programs\MiKTeX\tex/latex/etoolbox\etoolbox.sty
>>>>>>> b5f037bf6d5267855f4da48c4e8f6d1cf4c7919e
=======
(C:\Users\Basi\AppData\Local\Programs\MiKTeX\tex/latex/arabi\bblopts.cfg
File: bblopts.cfg 2005/09/08 v0.1 add Arabic and Farsi to "declared" options of
 babel
)
(C:\Users\Basi\AppData\Local\Programs\MiKTeX\tex/latex/babel-portuges\portugues
e.ldf
Language: portuges 2021/07/09 v1.2t Portuguese support from the babel system
Package babel Info: Making " an active character on input line 143.
))
(C:\Users\Basi\AppData\Local\Programs\MiKTeX\tex/generic/babel/locale/pt\babel-
portuguese.tex
Package babel Info: Importing font and identification data for portuguese
(babel)             from babel-pt.ini. Reported on input line 11.
)
(C:\Users\Basi\AppData\Local\Programs\MiKTeX\tex/latex/microtype\microtype.sty
Package: microtype 2024/03/29 v3.1b Micro-typographical refinements (RS)

(C:\Users\Basi\AppData\Local\Programs\MiKTeX\tex/latex/graphics\keyval.sty
Package: keyval 2022/05/29 v1.15 key=value parser (DPC)
\KV@toks@=\toks17
)
(C:\Users\Basi\AppData\Local\Programs\MiKTeX\tex/latex/etoolbox\etoolbox.sty
>>>>>>> ed0b31a1210eeeff51026a25c287980c8aa49da2
Package: etoolbox 2020/10/05 v2.5k e-TeX tools for LaTeX (JAW)
\etb@tempcnta=\count270
)
\MT@toks=\toks18
<<<<<<< HEAD
\MT@tempbox=\box51
\MT@count=\count198
<<<<<<< HEAD
LaTeX Info: Redefining \noprotrusionifhmode on input line 1087.
LaTeX Info: Redefining \leftprotrusion on input line 1088.
\MT@prot@toks=\toks19
LaTeX Info: Redefining \rightprotrusion on input line 1107.
LaTeX Info: Redefining \textls on input line 1449.
\MT@outer@kern=\dimen142
LaTeX Info: Redefining \microtypecontext on input line 2053.
LaTeX Info: Redefining \textmicrotypecontext on input line 2070.
\MT@listname@count=\count199

(C:\Users\carlo\AppData\Local\Programs\MiKTeX\tex/latex/microtype\microtype-pdf
tex.def
File: microtype-pdftex.def 2025/07/09 v3.2b Definitions specific to pdftex (RS)

=======
LaTeX Info: Redefining \noprotrusionifhmode on input line 1075.
LaTeX Info: Redefining \leftprotrusion on input line 1076.
=======
\MT@tempbox=\box52
\MT@count=\count271
LaTeX Info: Redefining \noprotrusionifhmode on input line 1061.
LaTeX Info: Redefining \leftprotrusion on input line 1062.
>>>>>>> ed0b31a1210eeeff51026a25c287980c8aa49da2
\MT@prot@toks=\toks19
LaTeX Info: Redefining \rightprotrusion on input line 1081.
LaTeX Info: Redefining \textls on input line 1392.
\MT@outer@kern=\dimen143
LaTeX Info: Redefining \textmicrotypecontext on input line 2013.
\MT@listname@count=\count272

<<<<<<< HEAD
(C:\Users\diogo\AppData\Local\Programs\MiKTeX\tex/latex/microtype\microtype-pdf
tex.def
File: microtype-pdftex.def 2024/12/12 v3.2 Definitions specific to pdftex (RS)
>>>>>>> b5f037bf6d5267855f4da48c4e8f6d1cf4c7919e
LaTeX Info: Redefining \lsstyle on input line 944.
LaTeX Info: Redefining \lslig on input line 944.
\MT@outer@space=\skip50
)
Package microtype Info: Loading configuration file microtype.cfg.

<<<<<<< HEAD
(C:\Users\carlo\AppData\Local\Programs\MiKTeX\tex/latex/microtype\microtype.cfg
File: microtype.cfg 2025/07/09 v3.2b microtype main configuration file (RS)
)
LaTeX Info: Redefining \microtypesetup on input line 3065.
)
(C:\Users\carlo\AppData\Local\Programs\MiKTeX\tex/latex/graphics\graphicx.sty
Package: graphicx 2021/09/16 v1.2d Enhanced LaTeX Graphics (DPC,SPQR)

(C:\Users\carlo\AppData\Local\Programs\MiKTeX\tex/latex/graphics\graphics.sty
Package: graphics 2022/03/10 v1.4e Standard LaTeX Graphics (DPC,SPQR)

(C:\Users\carlo\AppData\Local\Programs\MiKTeX\tex/latex/graphics\trig.sty
Package: trig 2021/08/11 v1.11 sin cos tan (DPC)
)
(C:\Users\carlo\AppData\Local\Programs\MiKTeX\tex/latex/graphics-cfg\graphics.c
=======
(C:\Users\diogo\AppData\Local\Programs\MiKTeX\tex/latex/microtype\microtype.cfg
File: microtype.cfg 2024/12/12 v3.2 microtype main configuration file (RS)
)
LaTeX Info: Redefining \microtypesetup on input line 3053.
)
(C:\Users\diogo\AppData\Local\Programs\MiKTeX\tex/latex/graphics\graphicx.sty
=======
(C:\Users\Basi\AppData\Local\Programs\MiKTeX\tex/latex/microtype\microtype-pdft
ex.def
File: microtype-pdftex.def 2024/03/29 v3.1b Definitions specific to pdftex (RS)

LaTeX Info: Redefining \lsstyle on input line 902.
LaTeX Info: Redefining \lslig on input line 902.
\MT@outer@space=\skip51
)
Package microtype Info: Loading configuration file microtype.cfg.

(C:\Users\Basi\AppData\Local\Programs\MiKTeX\tex/latex/microtype\microtype.cfg
File: microtype.cfg 2024/03/29 v3.1b microtype main configuration file (RS)
)) (C:\Users\Basi\AppData\Local\Programs\MiKTeX\tex/latex/graphics\graphicx.sty
>>>>>>> ed0b31a1210eeeff51026a25c287980c8aa49da2
Package: graphicx 2021/09/16 v1.2d Enhanced LaTeX Graphics (DPC,SPQR)

(C:\Users\Basi\AppData\Local\Programs\MiKTeX\tex/latex/graphics\graphics.sty
Package: graphics 2024/05/23 v1.4g Standard LaTeX Graphics (DPC,SPQR)

(C:\Users\Basi\AppData\Local\Programs\MiKTeX\tex/latex/graphics\trig.sty
Package: trig 2023/12/02 v1.11 sin cos tan (DPC)
)
<<<<<<< HEAD
(C:\Users\diogo\AppData\Local\Programs\MiKTeX\tex/latex/graphics-cfg\graphics.c
>>>>>>> b5f037bf6d5267855f4da48c4e8f6d1cf4c7919e
fg
=======
(C:\Users\Basi\AppData\Local\Programs\MiKTeX\tex/latex/graphics-cfg\graphics.cf
g
>>>>>>> ed0b31a1210eeeff51026a25c287980c8aa49da2
File: graphics.cfg 2016/06/04 v1.11 sample graphics configuration
)
Package graphics Info: Driver file: pdftex.def on input line 106.

<<<<<<< HEAD
<<<<<<< HEAD
(C:\Users\carlo\AppData\Local\Programs\MiKTeX\tex/latex/graphics-def\pdftex.def
=======
(C:\Users\diogo\AppData\Local\Programs\MiKTeX\tex/latex/graphics-def\pdftex.def
>>>>>>> b5f037bf6d5267855f4da48c4e8f6d1cf4c7919e
File: pdftex.def 2022/09/22 v1.2b Graphics/color driver for pdftex
))
\Gin@req@height=\dimen143
\Gin@req@width=\dimen144
<<<<<<< HEAD
) (C:\Users\carlo\AppData\Local\Programs\MiKTeX\tex/latex/wrapfig\wrapfig.sty
=======
) (C:\Users\diogo\AppData\Local\Programs\MiKTeX\tex/latex/wrapfig\wrapfig.sty
>>>>>>> b5f037bf6d5267855f4da48c4e8f6d1cf4c7919e
\wrapoverhang=\dimen145
\WF@size=\dimen146
\c@WF@wrappedlines=\count266
\WF@box=\box52
\WF@everypar=\toks20
Package: wrapfig 2003/01/31  v 3.6
)
<<<<<<< HEAD
(C:\Users\carlo\AppData\Local\Programs\MiKTeX\tex/latex/pdflscape\pdflscape.sty
Package: pdflscape 2022-10-27 v0.13 Display of landscape pages in PDF

(C:\Users\carlo\AppData\Local\Programs\MiKTeX\tex/latex/pdflscape\pdflscape-nom
=======
(C:\Users\diogo\AppData\Local\Programs\MiKTeX\tex/latex/pdflscape\pdflscape.sty
Package: pdflscape 2022-10-27 v0.13 Display of landscape pages in PDF

(C:\Users\diogo\AppData\Local\Programs\MiKTeX\tex/latex/pdflscape\pdflscape-nom
>>>>>>> b5f037bf6d5267855f4da48c4e8f6d1cf4c7919e
etadata.sty
Package: pdflscape-nometadata 2022-10-28 v0.13 Display of landscape pages in PD
F (HO)

<<<<<<< HEAD
(C:\Users\carlo\AppData\Local\Programs\MiKTeX\tex/generic/iftex\iftex.sty
Package: iftex 2022/02/03 v1.0f TeX engine tests
)
(C:\Users\carlo\AppData\Local\Programs\MiKTeX\tex/latex/graphics\lscape.sty
=======
(C:\Users\diogo\AppData\Local\Programs\MiKTeX\tex/generic/iftex\iftex.sty
Package: iftex 2022/02/03 v1.0f TeX engine tests
)
(C:\Users\diogo\AppData\Local\Programs\MiKTeX\tex/latex/graphics\lscape.sty
>>>>>>> b5f037bf6d5267855f4da48c4e8f6d1cf4c7919e
=======
(C:\Users\Basi\AppData\Local\Programs\MiKTeX\tex/latex/graphics-def\pdftex.def
File: pdftex.def 2024/04/13 v1.2c Graphics/color driver for pdftex
))
\Gin@req@height=\dimen144
\Gin@req@width=\dimen145
) (C:\Users\Basi\AppData\Local\Programs\MiKTeX\tex/latex/wrapfig\wrapfig.sty
\wrapoverhang=\dimen146
\WF@size=\dimen147
\c@WF@wrappedlines=\count273
\WF@box=\box53
\WF@everypar=\toks20
Package: wrapfig 2003/01/31  v 3.6
)
(C:\Users\Basi\AppData\Local\Programs\MiKTeX\tex/latex/pdflscape\pdflscape.sty
Package: pdflscape 2022-10-27 v0.13 Display of landscape pages in PDF

(C:\Users\Basi\AppData\Local\Programs\MiKTeX\tex/latex/pdflscape\pdflscape-nome
tadata.sty
Package: pdflscape-nometadata 2022-10-28 v0.13 Display of landscape pages in PD
F (HO)

(C:\Users\Basi\AppData\Local\Programs\MiKTeX\tex/generic/iftex\iftex.sty
Package: iftex 2022/02/03 v1.0f TeX engine tests
)
(C:\Users\Basi\AppData\Local\Programs\MiKTeX\tex/latex/graphics\lscape.sty
>>>>>>> ed0b31a1210eeeff51026a25c287980c8aa49da2
Package: lscape 2020/05/28 v3.02 Landscape Pages (DPC)
)
Package pdflscape Info: Auto-detected driver: pdftex on input line 81.
))
<<<<<<< HEAD
<<<<<<< HEAD
(C:\Users\carlo\AppData\Local\Programs\MiKTeX\tex/latex/hyperref\hyperref.sty
Package: hyperref 2023-11-26 v7.01g Hypertext links for LaTeX

(C:\Users\carlo\AppData\Local\Programs\MiKTeX\tex/generic/infwarerr\infwarerr.s
ty
Package: infwarerr 2019/12/03 v1.5 Providing info/warning/error messages (HO)
)
(C:\Users\carlo\AppData\Local\Programs\MiKTeX\tex/latex/kvsetkeys\kvsetkeys.sty
Package: kvsetkeys 2022-10-05 v1.19 Key value parser (HO)
)
(C:\Users\carlo\AppData\Local\Programs\MiKTeX\tex/generic/kvdefinekeys\kvdefine
keys.sty
Package: kvdefinekeys 2019-12-19 v1.6 Define keys (HO)
)
(C:\Users\carlo\AppData\Local\Programs\MiKTeX\tex/generic/pdfescape\pdfescape.s
ty
Package: pdfescape 2019/12/09 v1.15 Implements pdfTeX's escape features (HO)

(C:\Users\carlo\AppData\Local\Programs\MiKTeX\tex/generic/ltxcmds\ltxcmds.sty
Package: ltxcmds 2023-12-04 v1.26 LaTeX kernel commands for general use (HO)
)
(C:\Users\carlo\AppData\Local\Programs\MiKTeX\tex/generic/pdftexcmds\pdftexcmds
=======
(C:\Users\diogo\AppData\Local\Programs\MiKTeX\tex/latex/hyperref\hyperref.sty
Package: hyperref 2023-11-26 v7.01g Hypertext links for LaTeX
=======
(C:\Users\Basi\AppData\Local\Programs\MiKTeX\tex/latex/hyperref\hyperref.sty
Package: hyperref 2024-07-10 v7.01j Hypertext links for LaTeX
>>>>>>> ed0b31a1210eeeff51026a25c287980c8aa49da2

(C:\Users\Basi\AppData\Local\Programs\MiKTeX\tex/latex/kvsetkeys\kvsetkeys.sty
Package: kvsetkeys 2022-10-05 v1.19 Key value parser (HO)
)
(C:\Users\Basi\AppData\Local\Programs\MiKTeX\tex/generic/kvdefinekeys\kvdefinek
eys.sty
Package: kvdefinekeys 2019-12-19 v1.6 Define keys (HO)
)
(C:\Users\Basi\AppData\Local\Programs\MiKTeX\tex/generic/pdfescape\pdfescape.st
y
Package: pdfescape 2019/12/09 v1.15 Implements pdfTeX's escape features (HO)
 (C:\Users\Basi\AppData\Local\Programs\MiKTeX\tex/generic/ltxcmds\ltxcmds.sty
Package: ltxcmds 2023-12-04 v1.26 LaTeX kernel commands for general use (HO)
)
<<<<<<< HEAD
(C:\Users\diogo\AppData\Local\Programs\MiKTeX\tex/generic/pdftexcmds\pdftexcmds
>>>>>>> b5f037bf6d5267855f4da48c4e8f6d1cf4c7919e
.sty
=======
(C:\Users\Basi\AppData\Local\Programs\MiKTeX\tex/generic/pdftexcmds\pdftexcmds.
sty
>>>>>>> ed0b31a1210eeeff51026a25c287980c8aa49da2
Package: pdftexcmds 2020-06-27 v0.33 Utility functions of pdfTeX for LuaTeX (HO
)

(C:\Users\Basi\AppData\Local\Programs\MiKTeX\tex/generic/infwarerr\infwarerr.st
y
Package: infwarerr 2019/12/03 v1.5 Providing info/warning/error messages (HO)
)
Package pdftexcmds Info: \pdf@primitive is available.
Package pdftexcmds Info: \pdf@ifprimitive is available.
Package pdftexcmds Info: \pdfdraftmode found.
<<<<<<< HEAD
))
<<<<<<< HEAD
(C:\Users\carlo\AppData\Local\Programs\MiKTeX\tex/latex/hycolor\hycolor.sty
Package: hycolor 2020-01-27 v1.10 Color options for hyperref/bookmark (HO)
)
(C:\Users\carlo\AppData\Local\Programs\MiKTeX\tex/latex/letltxmacro\letltxmacro
.sty
Package: letltxmacro 2019/12/03 v1.6 Let assignment for LaTeX macros (HO)
)
(C:\Users\carlo\AppData\Local\Programs\MiKTeX\tex/latex/auxhook\auxhook.sty
Package: auxhook 2019-12-17 v1.6 Hooks for auxiliary files (HO)
)
(C:\Users\carlo\AppData\Local\Programs\MiKTeX\tex/latex/hyperref\nameref.sty
Package: nameref 2023-11-26 v2.56 Cross-referencing by name of section

(C:\Users\carlo\AppData\Local\Programs\MiKTeX\tex/latex/refcount\refcount.sty
Package: refcount 2019/12/15 v3.6 Data extraction from label references (HO)
)
(C:\Users\carlo\AppData\Local\Programs\MiKTeX\tex/generic/gettitlestring\gettit
lestring.sty
Package: gettitlestring 2019/12/15 v1.6 Cleanup title references (HO)

(C:\Users\carlo\AppData\Local\Programs\MiKTeX\tex/latex/kvoptions\kvoptions.sty
=======
(C:\Users\diogo\AppData\Local\Programs\MiKTeX\tex/latex/hycolor\hycolor.sty
=======
)) (C:\Users\Basi\AppData\Local\Programs\MiKTeX\tex/latex/hycolor\hycolor.sty
>>>>>>> ed0b31a1210eeeff51026a25c287980c8aa49da2
Package: hycolor 2020-01-27 v1.10 Color options for hyperref/bookmark (HO)
) (C:\Users\Basi\AppData\Local\Programs\MiKTeX\tex/latex/hyperref\nameref.sty
Package: nameref 2023-11-26 v2.56 Cross-referencing by name of section

(C:\Users\Basi\AppData\Local\Programs\MiKTeX\tex/latex/refcount\refcount.sty
Package: refcount 2019/12/15 v3.6 Data extraction from label references (HO)
)
(C:\Users\Basi\AppData\Local\Programs\MiKTeX\tex/generic/gettitlestring\gettitl
estring.sty
Package: gettitlestring 2019/12/15 v1.6 Cleanup title references (HO)

<<<<<<< HEAD
(C:\Users\diogo\AppData\Local\Programs\MiKTeX\tex/latex/kvoptions\kvoptions.sty
>>>>>>> b5f037bf6d5267855f4da48c4e8f6d1cf4c7919e
=======
(C:\Users\Basi\AppData\Local\Programs\MiKTeX\tex/latex/kvoptions\kvoptions.sty
>>>>>>> ed0b31a1210eeeff51026a25c287980c8aa49da2
Package: kvoptions 2022-06-15 v3.15 Key value format for package options (HO)
))
\c@section@level=\count274
)
<<<<<<< HEAD
\@linkdim=\dimen147
\Hy@linkcounter=\count268
\Hy@pagecounter=\count269
<<<<<<< HEAD
 (C:\Users\carlo\AppData\Local\Programs\MiKTeX\tex/latex/hyperref\pd1enc.def
File: pd1enc.def 2023-11-26 v7.01g Hyperref: PDFDocEncoding definition (HO)
Now handling font encoding PD1 ...
... no UTF-8 mapping file for font encoding PD1
) (C:\Users\carlo\AppData\Local\Programs\MiKTeX\tex/generic/intcalc\intcalc.sty
Package: intcalc 2019/12/15 v1.3 Expandable calculations with integers (HO)
)
\Hy@SavedSpaceFactor=\count270
 (C:\Users\carlo\AppData\Local\Programs\MiKTeX\tex/latex/hyperref\puenc.def
=======
 (C:\Users\diogo\AppData\Local\Programs\MiKTeX\tex/latex/hyperref\pd1enc.def
File: pd1enc.def 2023-11-26 v7.01g Hyperref: PDFDocEncoding definition (HO)
=======
(C:\Users\Basi\AppData\Local\Programs\MiKTeX\tex/generic/stringenc\stringenc.st
y
Package: stringenc 2019/11/29 v1.12 Convert strings between diff. encodings (HO
)
)
\@linkdim=\dimen148
\Hy@linkcounter=\count275
\Hy@pagecounter=\count276
 (C:\Users\Basi\AppData\Local\Programs\MiKTeX\tex/latex/hyperref\pd1enc.def
File: pd1enc.def 2024-07-10 v7.01j Hyperref: PDFDocEncoding definition (HO)
>>>>>>> ed0b31a1210eeeff51026a25c287980c8aa49da2
Now handling font encoding PD1 ...
... no UTF-8 mapping file for font encoding PD1
)
(C:\Users\Basi\AppData\Local\Programs\MiKTeX\tex/generic/intcalc\intcalc.sty
Package: intcalc 2019/12/15 v1.3 Expandable calculations with integers (HO)
)
<<<<<<< HEAD
\Hy@SavedSpaceFactor=\count270
 (C:\Users\diogo\AppData\Local\Programs\MiKTeX\tex/latex/hyperref\puenc.def
>>>>>>> b5f037bf6d5267855f4da48c4e8f6d1cf4c7919e
File: puenc.def 2023-11-26 v7.01g Hyperref: PDF Unicode definition (HO)
=======
\Hy@SavedSpaceFactor=\count277

(C:\Users\Basi\AppData\Local\Programs\MiKTeX\tex/latex/hyperref\puenc.def
File: puenc.def 2024-07-10 v7.01j Hyperref: PDF Unicode definition (HO)
>>>>>>> ed0b31a1210eeeff51026a25c287980c8aa49da2
Now handling font encoding PU ...
... no UTF-8 mapping file for font encoding PU
)
Package hyperref Info: Hyper figures OFF on input line 4157.
Package hyperref Info: Link nesting OFF on input line 4162.
Package hyperref Info: Hyper index ON on input line 4165.
Package hyperref Info: Plain pages OFF on input line 4172.
Package hyperref Info: Backreferencing OFF on input line 4177.
Package hyperref Info: Implicit mode ON; LaTeX internals redefined.
Package hyperref Info: Bookmarks ON on input line 4424.
\c@Hy@tempcnt=\count278

<<<<<<< HEAD
<<<<<<< HEAD
(C:\Users\carlo\AppData\Local\Programs\MiKTeX\tex/latex/url\url.sty
=======
(C:\Users\diogo\AppData\Local\Programs\MiKTeX\tex/latex/url\url.sty
>>>>>>> b5f037bf6d5267855f4da48c4e8f6d1cf4c7919e
\Urlmuskip=\muskip16
=======
(C:\Users\Basi\AppData\Local\Programs\MiKTeX\tex/latex/url\url.sty
\Urlmuskip=\muskip17
>>>>>>> ed0b31a1210eeeff51026a25c287980c8aa49da2
Package: url 2013/09/16  ver 3.4  Verb mode for urls, etc.
)
LaTeX Info: Redefining \url on input line 4763.
\XeTeXLinkMargin=\dimen149

<<<<<<< HEAD
<<<<<<< HEAD
(C:\Users\carlo\AppData\Local\Programs\MiKTeX\tex/generic/bitset\bitset.sty
Package: bitset 2019/12/09 v1.3 Handle bit-vector datatype (HO)

(C:\Users\carlo\AppData\Local\Programs\MiKTeX\tex/generic/bigintcalc\bigintcalc
=======
(C:\Users\diogo\AppData\Local\Programs\MiKTeX\tex/generic/bitset\bitset.sty
Package: bitset 2019/12/09 v1.3 Handle bit-vector datatype (HO)

(C:\Users\diogo\AppData\Local\Programs\MiKTeX\tex/generic/bigintcalc\bigintcalc
>>>>>>> b5f037bf6d5267855f4da48c4e8f6d1cf4c7919e
.sty
=======
(C:\Users\Basi\AppData\Local\Programs\MiKTeX\tex/generic/bitset\bitset.sty
Package: bitset 2019/12/09 v1.3 Handle bit-vector datatype (HO)

(C:\Users\Basi\AppData\Local\Programs\MiKTeX\tex/generic/bigintcalc\bigintcalc.
sty
>>>>>>> ed0b31a1210eeeff51026a25c287980c8aa49da2
Package: bigintcalc 2019/12/15 v1.5 Expandable calculations on big integers (HO
)
))
\Fld@menulength=\count279
\Field@Width=\dimen150
\Fld@charsize=\dimen151
Package hyperref Info: Hyper figures OFF on input line 6042.
Package hyperref Info: Link nesting OFF on input line 6047.
Package hyperref Info: Hyper index ON on input line 6050.
Package hyperref Info: backreferencing OFF on input line 6057.
Package hyperref Info: Link coloring OFF on input line 6062.
Package hyperref Info: Link coloring with OCG OFF on input line 6067.
Package hyperref Info: PDF/A mode OFF on input line 6072.

<<<<<<< HEAD
<<<<<<< HEAD
(C:\Users\carlo\AppData\Local\Programs\MiKTeX\tex/latex/base\atbegshi-ltx.sty
=======
(C:\Users\diogo\AppData\Local\Programs\MiKTeX\tex/latex/base\atbegshi-ltx.sty
>>>>>>> b5f037bf6d5267855f4da48c4e8f6d1cf4c7919e
=======
(C:\Users\Basi\AppData\Local\Programs\MiKTeX\tex/latex/base\atbegshi-ltx.sty
>>>>>>> ed0b31a1210eeeff51026a25c287980c8aa49da2
Package: atbegshi-ltx 2021/01/10 v1.0c Emulation of the original atbegshi
package with kernel methods
)
\Hy@abspage=\count280
\c@Item=\count281
\c@Hfootnote=\count282
)
Package hyperref Info: Driver (autodetected): hpdftex.
<<<<<<< HEAD
<<<<<<< HEAD
(C:\Users\carlo\AppData\Local\Programs\MiKTeX\tex/latex/hyperref\hpdftex.def
File: hpdftex.def 2023-11-26 v7.01g Hyperref driver for pdfTeX

(C:\Users\carlo\AppData\Local\Programs\MiKTeX\tex/latex/base\atveryend-ltx.sty
=======
(C:\Users\diogo\AppData\Local\Programs\MiKTeX\tex/latex/hyperref\hpdftex.def
File: hpdftex.def 2023-11-26 v7.01g Hyperref driver for pdfTeX

(C:\Users\diogo\AppData\Local\Programs\MiKTeX\tex/latex/base\atveryend-ltx.sty
>>>>>>> b5f037bf6d5267855f4da48c4e8f6d1cf4c7919e
=======

(C:\Users\Basi\AppData\Local\Programs\MiKTeX\tex/latex/hyperref\hpdftex.def
File: hpdftex.def 2024-07-10 v7.01j Hyperref driver for pdfTeX

(C:\Users\Basi\AppData\Local\Programs\MiKTeX\tex/latex/base\atveryend-ltx.sty
>>>>>>> ed0b31a1210eeeff51026a25c287980c8aa49da2
Package: atveryend-ltx 2020/08/19 v1.0a Emulation of the original atveryend pac
kage
with kernel methods
)
\Fld@listcount=\count283
\c@bookmark@seq@number=\count284

<<<<<<< HEAD
<<<<<<< HEAD
(C:\Users\carlo\AppData\Local\Programs\MiKTeX\tex/latex/rerunfilecheck\rerunfil
echeck.sty
Package: rerunfilecheck 2025-06-21 v1.11 Rerun checks for auxiliary files (HO)

(C:\Users\carlo\AppData\Local\Programs\MiKTeX\tex/generic/uniquecounter\uniquec
=======
(C:\Users\diogo\AppData\Local\Programs\MiKTeX\tex/latex/rerunfilecheck\rerunfil
echeck.sty
Package: rerunfilecheck 2022-07-10 v1.10 Rerun checks for auxiliary files (HO)

(C:\Users\diogo\AppData\Local\Programs\MiKTeX\tex/generic/uniquecounter\uniquec
>>>>>>> b5f037bf6d5267855f4da48c4e8f6d1cf4c7919e
ounter.sty
=======
(C:\Users\Basi\AppData\Local\Programs\MiKTeX\tex/latex/rerunfilecheck\rerunfile
check.sty
Package: rerunfilecheck 2022-07-10 v1.10 Rerun checks for auxiliary files (HO)

(C:\Users\Basi\AppData\Local\Programs\MiKTeX\tex/generic/uniquecounter\uniqueco
unter.sty
>>>>>>> ed0b31a1210eeeff51026a25c287980c8aa49da2
Package: uniquecounter 2019/12/15 v1.4 Provide unlimited unique counter (HO)
)
Package uniquecounter Info: New unique counter `rerunfilecheck' on input line 2
84.
)
\Hy@SectionHShift=\skip52
)
Package hyperref Info: Option `colorlinks' set `true' on input line 15.

<<<<<<< HEAD
<<<<<<< HEAD
(C:\Users\carlo\AppData\Local\Programs\MiKTeX\tex/latex/psnfss\mathpazo.sty
Package: mathpazo 2020/03/25 PSNFSS-v9.3 Palatino w/ Pazo Math (D.Puga, WaS) 
\symupright=\mathgroup4
)
(C:\Users\carlo\AppData\Local\Programs\MiKTeX\tex/latex/base\fontenc.sty
=======
(C:\Users\diogo\AppData\Local\Programs\MiKTeX\tex/latex/psnfss\mathpazo.sty
Package: mathpazo 2020/03/25 PSNFSS-v9.3 Palatino w/ Pazo Math (D.Puga, WaS) 
\symupright=\mathgroup4
)
(C:\Users\diogo\AppData\Local\Programs\MiKTeX\tex/latex/base\fontenc.sty
>>>>>>> b5f037bf6d5267855f4da48c4e8f6d1cf4c7919e
=======
(C:\Users\Basi\AppData\Local\Programs\MiKTeX\tex/latex/psnfss\mathpazo.sty
Package: mathpazo 2020/03/25 PSNFSS-v9.3 Palatino w/ Pazo Math (D.Puga, WaS) 
\symupright=\mathgroup4
)
(C:\Users\Basi\AppData\Local\Programs\MiKTeX\tex/latex/base\fontenc.sty
>>>>>>> ed0b31a1210eeeff51026a25c287980c8aa49da2
Package: fontenc 2021/04/29 v2.0v Standard LaTeX package
LaTeX Font Info:    Trying to load font information for T1+ppl on input line 11
6.

<<<<<<< HEAD
<<<<<<< HEAD
(C:\Users\carlo\AppData\Local\Programs\MiKTeX\tex/latex/psnfss\t1ppl.fd
File: t1ppl.fd 2001/06/04 font definitions for T1/ppl.
))
(C:\Users\carlo\AppData\Local\Programs\MiKTeX\tex/latex/float\float.sty
=======
(C:\Users\diogo\AppData\Local\Programs\MiKTeX\tex/latex/psnfss\t1ppl.fd
File: t1ppl.fd 2001/06/04 font definitions for T1/ppl.
))
(C:\Users\diogo\AppData\Local\Programs\MiKTeX\tex/latex/float\float.sty
>>>>>>> b5f037bf6d5267855f4da48c4e8f6d1cf4c7919e
=======
(C:\Users\Basi\AppData\Local\Programs\MiKTeX\tex/latex/psnfss\t1ppl.fd
File: t1ppl.fd 2001/06/04 font definitions for T1/ppl.
))
(C:\Users\Basi\AppData\Local\Programs\MiKTeX\tex/latex/float\float.sty
>>>>>>> ed0b31a1210eeeff51026a25c287980c8aa49da2
Package: float 2001/11/08 v1.3d Float enhancements (AL)
\c@float@type=\count285
\float@exts=\toks21
\float@box=\box54
\@float@everytoks=\toks22
\@floatcapt=\box55
)
<<<<<<< HEAD
<<<<<<< HEAD
(C:\Users\carlo\AppData\Local\Programs\MiKTeX\tex/latex/biblatex\biblatex.sty
Package: biblatex 2023/03/05 v3.19 programmable bibliographies (PK/MW)

(C:\Users\carlo\AppData\Local\Programs\MiKTeX\tex/latex/logreq\logreq.sty
Package: logreq 2010/08/04 v1.0 xml request logger
\lrq@indent=\count279

(C:\Users\carlo\AppData\Local\Programs\MiKTeX\tex/latex/logreq\logreq.def
File: logreq.def 2010/08/04 v1.0 logreq spec v1.0
))
(C:\Users\carlo\AppData\Local\Programs\MiKTeX\tex/latex/base\ifthen.sty
=======
(C:\Users\diogo\AppData\Local\Programs\MiKTeX\tex/latex/biblatex\biblatex.sty
Package: biblatex 2023/03/05 v3.19 programmable bibliographies (PK/MW)
=======
(C:\Users\Basi\AppData\Local\Programs\MiKTeX\tex/latex/biblatex\biblatex.sty
Package: biblatex 2024/03/21 v3.20 programmable bibliographies (PK/MW)
>>>>>>> ed0b31a1210eeeff51026a25c287980c8aa49da2

(C:\Users\Basi\AppData\Local\Programs\MiKTeX\tex/latex/logreq\logreq.sty
Package: logreq 2010/08/04 v1.0 xml request logger
\lrq@indent=\count286

(C:\Users\Basi\AppData\Local\Programs\MiKTeX\tex/latex/logreq\logreq.def
File: logreq.def 2010/08/04 v1.0 logreq spec v1.0
))
<<<<<<< HEAD
(C:\Users\diogo\AppData\Local\Programs\MiKTeX\tex/latex/base\ifthen.sty
>>>>>>> b5f037bf6d5267855f4da48c4e8f6d1cf4c7919e
Package: ifthen 2022/04/13 v1.1d Standard LaTeX ifthen package (DPC)
=======
(C:\Users\Basi\AppData\Local\Programs\MiKTeX\tex/latex/base\ifthen.sty
Package: ifthen 2024/03/16 v1.1e Standard LaTeX ifthen package (DPC)
>>>>>>> ed0b31a1210eeeff51026a25c287980c8aa49da2
)
\c@tabx@nest=\count287
\c@listtotal=\count288
\c@listcount=\count289
\c@liststart=\count290
\c@liststop=\count291
\c@citecount=\count292
\c@citetotal=\count293
\c@multicitecount=\count294
\c@multicitetotal=\count295
\c@instcount=\count296
\c@maxnames=\count297
\c@minnames=\count298
\c@maxitems=\count299
\c@minitems=\count300
\c@citecounter=\count301
\c@maxcitecounter=\count302
\c@savedcitecounter=\count303
\c@uniquelist=\count304
\c@uniquename=\count305
\c@refsection=\count306
\c@refsegment=\count307
\c@maxextratitle=\count308
\c@maxextratitleyear=\count309
\c@maxextraname=\count310
\c@maxextradate=\count311
\c@maxextraalpha=\count312
\c@abbrvpenalty=\count313
\c@highnamepenalty=\count314
\c@lownamepenalty=\count315
\c@maxparens=\count316
\c@parenlevel=\count317
\blx@tempcnta=\count318
\blx@tempcntb=\count319
\blx@tempcntc=\count320
\c@blx@maxsection=\count321
\blx@maxsegment@0=\count322
\blx@notetype=\count323
\blx@parenlevel@text=\count324
\blx@parenlevel@foot=\count325
\blx@sectionciteorder@0=\count326
\blx@sectionciteorderinternal@0=\count327
\blx@entrysetcounter=\count328
\blx@biblioinstance=\count329
\labelnumberwidth=\skip53
\labelalphawidth=\skip54
\biblabelsep=\skip55
\bibitemsep=\skip56
\bibnamesep=\skip57
\bibinitsep=\skip58
\bibparsep=\skip59
\bibhang=\skip60
\blx@bcfin=\read3
\blx@bcfout=\write3
\blx@langwohyphens=\language80
\c@mincomprange=\count330
\c@maxcomprange=\count331
\c@mincompwidth=\count332
Package biblatex Info: Trying to load biblatex default data model...
Package biblatex Info: ... file 'blx-dm.def' found.

<<<<<<< HEAD
<<<<<<< HEAD
(C:\Users\carlo\AppData\Local\Programs\MiKTeX\tex/latex/biblatex\blx-dm.def
=======
(C:\Users\diogo\AppData\Local\Programs\MiKTeX\tex/latex/biblatex\blx-dm.def
>>>>>>> b5f037bf6d5267855f4da48c4e8f6d1cf4c7919e
File: blx-dm.def 2023/03/05 v3.19 biblatex localization (PK/MW)
=======
(C:\Users\Basi\AppData\Local\Programs\MiKTeX\tex/latex/biblatex\blx-dm.def
File: blx-dm.def 2024/03/21 v3.20 biblatex datamodel (PK/MW)
>>>>>>> ed0b31a1210eeeff51026a25c287980c8aa49da2
)
Package biblatex Info: Trying to load biblatex style data model...
Package biblatex Info: ... file 'numeric.dbx' not found.
Package biblatex Info: Trying to load biblatex custom data model...
Package biblatex Info: ... file 'biblatex-dm.cfg' not found.
\c@afterword=\count333
\c@savedafterword=\count334
\c@annotator=\count335
\c@savedannotator=\count336
\c@author=\count337
\c@savedauthor=\count338
\c@bookauthor=\count339
\c@savedbookauthor=\count340
\c@commentator=\count341
\c@savedcommentator=\count342
\c@editor=\count343
\c@savededitor=\count344
\c@editora=\count345
\c@savededitora=\count346
\c@editorb=\count347
\c@savededitorb=\count348
\c@editorc=\count349
\c@savededitorc=\count350
\c@foreword=\count351
\c@savedforeword=\count352
\c@holder=\count353
\c@savedholder=\count354
\c@introduction=\count355
\c@savedintroduction=\count356
\c@namea=\count357
\c@savednamea=\count358
\c@nameb=\count359
\c@savednameb=\count360
\c@namec=\count361
\c@savednamec=\count362
\c@translator=\count363
\c@savedtranslator=\count364
\c@shortauthor=\count365
\c@savedshortauthor=\count366
\c@shorteditor=\count367
\c@savedshorteditor=\count368
\c@labelname=\count369
\c@savedlabelname=\count370
\c@institution=\count371
\c@savedinstitution=\count372
\c@lista=\count373
\c@savedlista=\count374
\c@listb=\count375
\c@savedlistb=\count376
\c@listc=\count377
\c@savedlistc=\count378
\c@listd=\count379
\c@savedlistd=\count380
\c@liste=\count381
\c@savedliste=\count382
\c@listf=\count383
\c@savedlistf=\count384
\c@location=\count385
\c@savedlocation=\count386
\c@organization=\count387
\c@savedorganization=\count388
\c@origlocation=\count389
\c@savedoriglocation=\count390
\c@origpublisher=\count391
\c@savedorigpublisher=\count392
\c@publisher=\count393
\c@savedpublisher=\count394
\c@language=\count395
\c@savedlanguage=\count396
\c@origlanguage=\count397
\c@savedoriglanguage=\count398
\c@pageref=\count399
\c@savedpageref=\count400
\shorthandwidth=\skip61
\shortjournalwidth=\skip62
\shortserieswidth=\skip63
\shorttitlewidth=\skip64
\shortauthorwidth=\skip65
\shorteditorwidth=\skip66
\locallabelnumberwidth=\skip67
\locallabelalphawidth=\skip68
\localshorthandwidth=\skip69
\localshortjournalwidth=\skip70
\localshortserieswidth=\skip71
\localshorttitlewidth=\skip72
\localshortauthorwidth=\skip73
\localshorteditorwidth=\skip74
Package biblatex Info: Trying to load compatibility code...
Package biblatex Info: ... file 'blx-compat.def' found.

<<<<<<< HEAD
<<<<<<< HEAD
(C:\Users\carlo\AppData\Local\Programs\MiKTeX\tex/latex/biblatex\blx-compat.def
=======
(C:\Users\diogo\AppData\Local\Programs\MiKTeX\tex/latex/biblatex\blx-compat.def
>>>>>>> b5f037bf6d5267855f4da48c4e8f6d1cf4c7919e
File: blx-compat.def 2023/03/05 v3.19 biblatex compatibility (PK/MW)
=======
(C:\Users\Basi\AppData\Local\Programs\MiKTeX\tex/latex/biblatex\blx-compat.def
File: blx-compat.def 2024/03/21 v3.20 biblatex compatibility (PK/MW)
>>>>>>> ed0b31a1210eeeff51026a25c287980c8aa49da2
)
Package biblatex Info: Trying to load BibTeX backend compatibility...
Package biblatex Info: ... file 'blx-bibtex.def' found.
(C:\Users\Basi\AppData\Local\Programs\MiKTeX\tex/latex/biblatex\blx-bibtex.def
File: blx-bibtex.def 2024/03/21 v3.20 biblatex compatibility (PK/MW)

<<<<<<< HEAD
<<<<<<< HEAD
(C:\Users\carlo\AppData\Local\Programs\MiKTeX\tex/latex/biblatex\blx-bibtex.def
=======
(C:\Users\diogo\AppData\Local\Programs\MiKTeX\tex/latex/biblatex\blx-bibtex.def
>>>>>>> b5f037bf6d5267855f4da48c4e8f6d1cf4c7919e
File: blx-bibtex.def 2023/03/05 v3.19 biblatex compatibility (PK/MW)
=======
>>>>>>> ed0b31a1210eeeff51026a25c287980c8aa49da2

Package biblatex Warning: Using fall-back bibtex backend:
(biblatex)                functionality may be reduced/unavailable.

)
Package biblatex Info: Trying to load generic definitions...
Package biblatex Info: ... file 'biblatex.def' found.
<<<<<<< HEAD
<<<<<<< HEAD
 (C:\Users\carlo\AppData\Local\Programs\MiKTeX\tex/latex/biblatex\biblatex.def
=======
 (C:\Users\diogo\AppData\Local\Programs\MiKTeX\tex/latex/biblatex\biblatex.def
>>>>>>> b5f037bf6d5267855f4da48c4e8f6d1cf4c7919e
File: biblatex.def 2023/03/05 v3.19 biblatex compatibility (PK/MW)
\c@textcitecount=\count394
\c@textcitetotal=\count395
\c@textcitemaxnames=\count396
\c@biburlbigbreakpenalty=\count397
\c@biburlbreakpenalty=\count398
\c@biburlnumpenalty=\count399
\c@biburlucpenalty=\count400
\c@biburllcpenalty=\count401
\biburlbigskip=\muskip17
\biburlnumskip=\muskip18
\biburlucskip=\muskip19
\biburllcskip=\muskip20
\c@smartand=\count402
=======
 (C:\Users\Basi\AppData\Local\Programs\MiKTeX\tex/latex/biblatex\biblatex.def
File: biblatex.def 2024/03/21 v3.20 biblatex compatibility (PK/MW)
\c@textcitecount=\count401
\c@textcitetotal=\count402
\c@textcitemaxnames=\count403
\c@biburlbigbreakpenalty=\count404
\c@biburlbreakpenalty=\count405
\c@biburlnumpenalty=\count406
\c@biburlucpenalty=\count407
\c@biburllcpenalty=\count408
\biburlbigskip=\muskip18
\biburlnumskip=\muskip19
\biburlucskip=\muskip20
\biburllcskip=\muskip21
\c@smartand=\count409
>>>>>>> ed0b31a1210eeeff51026a25c287980c8aa49da2
)
Package biblatex Info: Trying to load bibliography style 'numeric'...
Package biblatex Info: ... file 'numeric.bbx' found.

<<<<<<< HEAD
<<<<<<< HEAD
(C:\Users\carlo\AppData\Local\Programs\MiKTeX\tex/latex/biblatex/bbx\numeric.bb
=======
(C:\Users\diogo\AppData\Local\Programs\MiKTeX\tex/latex/biblatex/bbx\numeric.bb
>>>>>>> b5f037bf6d5267855f4da48c4e8f6d1cf4c7919e
x
File: numeric.bbx 2023/03/05 v3.19 biblatex bibliography style (PK/MW)
Package biblatex Info: Trying to load bibliography style 'standard'...
Package biblatex Info: ... file 'standard.bbx' found.

<<<<<<< HEAD
(C:\Users\carlo\AppData\Local\Programs\MiKTeX\tex/latex/biblatex/bbx\standard.b
=======
(C:\Users\diogo\AppData\Local\Programs\MiKTeX\tex/latex/biblatex/bbx\standard.b
>>>>>>> b5f037bf6d5267855f4da48c4e8f6d1cf4c7919e
bx
File: standard.bbx 2023/03/05 v3.19 biblatex bibliography style (PK/MW)
\c@bbx:relatedcount=\count403
\c@bbx:relatedtotal=\count404
=======
(C:\Users\Basi\AppData\Local\Programs\MiKTeX\tex/latex/biblatex/bbx\numeric.bbx
File: numeric.bbx 2024/03/21 v3.20 biblatex bibliography style (PK/MW)
Package biblatex Info: Trying to load bibliography style 'standard'...
Package biblatex Info: ... file 'standard.bbx' found.

(C:\Users\Basi\AppData\Local\Programs\MiKTeX\tex/latex/biblatex/bbx\standard.bb
x
File: standard.bbx 2024/03/21 v3.20 biblatex bibliography style (PK/MW)
\c@bbx:relatedcount=\count410
\c@bbx:relatedtotal=\count411
>>>>>>> ed0b31a1210eeeff51026a25c287980c8aa49da2
))
Package biblatex Info: Trying to load citation style 'numeric'...
Package biblatex Info: ... file 'numeric.cbx' found.

<<<<<<< HEAD
<<<<<<< HEAD
(C:\Users\carlo\AppData\Local\Programs\MiKTeX\tex/latex/biblatex/cbx\numeric.cb
=======
(C:\Users\diogo\AppData\Local\Programs\MiKTeX\tex/latex/biblatex/cbx\numeric.cb
>>>>>>> b5f037bf6d5267855f4da48c4e8f6d1cf4c7919e
x
File: numeric.cbx 2023/03/05 v3.19 biblatex citation style (PK/MW)
=======
(C:\Users\Basi\AppData\Local\Programs\MiKTeX\tex/latex/biblatex/cbx\numeric.cbx
File: numeric.cbx 2024/03/21 v3.20 biblatex citation style (PK/MW)
>>>>>>> ed0b31a1210eeeff51026a25c287980c8aa49da2
Package biblatex Info: Redefining '\cite'.
Package biblatex Info: Redefining '\parencite'.
Package biblatex Info: Redefining '\footcite'.
Package biblatex Info: Redefining '\footcitetext'.
Package biblatex Info: Redefining '\smartcite'.
Package biblatex Info: Redefining '\supercite'.
Package biblatex Info: Redefining '\textcite'.
Package biblatex Info: Redefining '\textcites'.
Package biblatex Info: Redefining '\cites'.
Package biblatex Info: Redefining '\parencites'.
Package biblatex Info: Redefining '\smartcites'.
)
Package biblatex Info: Trying to load configuration file...
Package biblatex Info: ... file 'biblatex.cfg' found.
<<<<<<< HEAD

<<<<<<< HEAD
(C:\Users\carlo\AppData\Local\Programs\MiKTeX\tex/latex/biblatex\biblatex.cfg
=======
(C:\Users\diogo\AppData\Local\Programs\MiKTeX\tex/latex/biblatex\biblatex.cfg
>>>>>>> b5f037bf6d5267855f4da48c4e8f6d1cf4c7919e
=======
 (C:\Users\Basi\AppData\Local\Programs\MiKTeX\tex/latex/biblatex\biblatex.cfg
>>>>>>> ed0b31a1210eeeff51026a25c287980c8aa49da2
File: biblatex.cfg 
)
Package biblatex Info: Input encoding 'utf8' detected.
Package biblatex Info: Document encoding is UTF8 ....
(C:\Users\Basi\AppData\Local\Programs\MiKTeX\tex/latex/l3kernel\expl3.sty
Package: expl3 2024-07-20 L3 programming layer (loader) 

<<<<<<< HEAD
<<<<<<< HEAD
(C:\Users\carlo\AppData\Local\Programs\MiKTeX\tex/latex/l3kernel\expl3.sty
Package: expl3 2024-01-04 L3 programming layer (loader) 

(C:\Users\carlo\AppData\Local\Programs\MiKTeX\tex/latex/l3backend\l3backend-pdf
tex.def
File: l3backend-pdftex.def 2024-01-04 L3 backend support: PDF output (pdfTeX)
=======
(C:\Users\diogo\AppData\Local\Programs\MiKTeX\tex/latex/l3kernel\expl3.sty
Package: expl3 2023-12-08 L3 programming layer (loader) 

(C:\Users\diogo\AppData\Local\Programs\MiKTeX\tex/latex/l3backend\l3backend-pdf
tex.def
File: l3backend-pdftex.def 2023-11-09 L3 backend support: PDF output (pdfTeX)
>>>>>>> b5f037bf6d5267855f4da48c4e8f6d1cf4c7919e
\l__color_backend_stack_int=\count405
\l__pdf_internal_box=\box55
))
Package biblatex Info: ... and expl3
<<<<<<< HEAD
(biblatex)             2024-01-04 L3 programming layer (loader) 
(biblatex)             is new enough (at least 2020/04/06),
(biblatex)             setting 'casechanger=expl3'.

(C:\Users\carlo\AppData\Local\Programs\MiKTeX\tex/latex/biblatex\blx-case-expl3
.sty
(C:\Users\carlo\AppData\Local\Programs\MiKTeX\tex/latex/l3packages/xparse\xpars
=======
(biblatex)             2023-12-08 L3 programming layer (loader) 
=======
(C:\Users\Basi\AppData\Local\Programs\MiKTeX\tex/latex/l3backend\l3backend-pdft
ex.def
File: l3backend-pdftex.def 2024-05-08 L3 backend support: PDF output (pdfTeX)
\l__color_backend_stack_int=\count412
\l__pdf_internal_box=\box56
))
Package biblatex Info: ... and expl3
(biblatex)             2024-07-20 L3 programming layer (loader) 
>>>>>>> ed0b31a1210eeeff51026a25c287980c8aa49da2
(biblatex)             is new enough (at least 2020/04/06),
(biblatex)             setting 'casechanger=expl3'.

(C:\Users\Basi\AppData\Local\Programs\MiKTeX\tex/latex/biblatex\blx-case-expl3.
sty
(C:\Users\Basi\AppData\Local\Programs\MiKTeX\tex/latex/l3packages/xparse\xparse
.sty
<<<<<<< HEAD
(C:\Users\diogo\AppData\Local\Programs\MiKTeX\tex/latex/l3packages/xparse\xpars
>>>>>>> b5f037bf6d5267855f4da48c4e8f6d1cf4c7919e
e.sty
Package: xparse 2023-10-10 L3 Experimental document command parser
=======
Package: xparse 2024-05-08 L3 Experimental document command parser
>>>>>>> ed0b31a1210eeeff51026a25c287980c8aa49da2
)
Package: blx-case-expl3 2024/03/21 v3.20 expl3 case changing code for biblatex
))

Package biblatex Warning: 'babel/polyglossia' detected but 'csquotes' missing.
(biblatex)                Loading 'csquotes' recommended.

\@quotelevel=\count413
\@quotereset=\count414
(essay.aux)
\openout1 = `essay.aux'.

LaTeX Font Info:    Checking defaults for OML/cmm/m/it on input line 52.
LaTeX Font Info:    ... okay on input line 52.
LaTeX Font Info:    Checking defaults for OMS/cmsy/m/n on input line 52.
LaTeX Font Info:    ... okay on input line 52.
LaTeX Font Info:    Checking defaults for OT1/cmr/m/n on input line 52.
LaTeX Font Info:    ... okay on input line 52.
LaTeX Font Info:    Checking defaults for T1/cmr/m/n on input line 52.
LaTeX Font Info:    ... okay on input line 52.
LaTeX Font Info:    Checking defaults for TS1/cmr/m/n on input line 52.
LaTeX Font Info:    ... okay on input line 52.
LaTeX Font Info:    Checking defaults for OMX/cmex/m/n on input line 52.
LaTeX Font Info:    ... okay on input line 52.
LaTeX Font Info:    Checking defaults for U/cmr/m/n on input line 52.
LaTeX Font Info:    ... okay on input line 52.
LaTeX Font Info:    Checking defaults for PD1/pdf/m/n on input line 52.
LaTeX Font Info:    ... okay on input line 52.
LaTeX Font Info:    Checking defaults for PU/pdf/m/n on input line 52.
LaTeX Font Info:    ... okay on input line 52.
LaTeX Info: Redefining \microtypecontext on input line 52.
Package microtype Info: Applying patch `item' on input line 52.
Package microtype Info: Applying patch `toc' on input line 52.
Package microtype Info: Applying patch `eqnum' on input line 52.
Package microtype Info: Applying patch `footnote' on input line 52.
Package microtype Info: Applying patch `verbatim' on input line 52.
Package microtype Info: Generating PDF output.
Package microtype Info: Character protrusion enabled (level 2).
Package microtype Info: Using default protrusion set `alltext'.
Package microtype Info: Automatic font expansion enabled (level 2),
(microtype)             stretch: 20, shrink: 20, step: 1, non-selected.
Package microtype Info: Using default expansion set `alltext-nott'.
Package microtype Info: Patching command `\showhyphens'.
Package microtype Info: No adjustment of tracking.
Package microtype Info: No adjustment of interword spacing.
Package microtype Info: No adjustment of character kerning.

<<<<<<< HEAD
<<<<<<< HEAD
(C:\Users\carlo\AppData\Local\Programs\MiKTeX\tex/latex/microtype\mt-ppl.cfg
File: mt-ppl.cfg 2005/11/16 v1.6 microtype config. file: Palatino (RS)
)
(C:\Users\carlo\AppData\Local\Programs\MiKTeX\tex/context/base/mkii\supp-pdf.mk
=======
(C:\Users\diogo\AppData\Local\Programs\MiKTeX\tex/latex/microtype\mt-ppl.cfg
File: mt-ppl.cfg 2005/11/16 v1.6 microtype config. file: Palatino (RS)
)
(C:\Users\diogo\AppData\Local\Programs\MiKTeX\tex/context/base/mkii\supp-pdf.mk
>>>>>>> b5f037bf6d5267855f4da48c4e8f6d1cf4c7919e
ii
=======
(C:\Users\Basi\AppData\Local\Programs\MiKTeX\tex/latex/microtype\mt-ppl.cfg
File: mt-ppl.cfg 2005/11/16 v1.6 microtype config. file: Palatino (RS)
)
(C:\Users\Basi\AppData\Local\Programs\MiKTeX\tex/context/base/mkii\supp-pdf.mki
i
>>>>>>> ed0b31a1210eeeff51026a25c287980c8aa49da2
[Loading MPS to PDF converter (version 2006.09.02).]
\scratchcounter=\count415
\scratchdimen=\dimen152
\scratchbox=\box57
\nofMPsegments=\count416
\nofMParguments=\count417
\everyMPshowfont=\toks23
\MPscratchCnt=\count418
\MPscratchDim=\dimen153
\MPnumerator=\count419
\makeMPintoPDFobject=\count420
\everyMPtoPDFconversion=\toks24
)
<<<<<<< HEAD
<<<<<<< HEAD
(C:\Users\carlo\AppData\Local\Programs\MiKTeX\tex/latex/epstopdf-pkg\epstopdf-b
=======
(C:\Users\diogo\AppData\Local\Programs\MiKTeX\tex/latex/epstopdf-pkg\epstopdf-b
>>>>>>> b5f037bf6d5267855f4da48c4e8f6d1cf4c7919e
ase.sty
=======
(C:\Users\Basi\AppData\Local\Programs\MiKTeX\tex/latex/epstopdf-pkg\epstopdf-ba
se.sty
>>>>>>> ed0b31a1210eeeff51026a25c287980c8aa49da2
Package: epstopdf-base 2020-01-24 v2.11 Base part for package epstopdf
Package epstopdf-base Info: Redefining graphics rule for `.eps' on input line 4
85.

<<<<<<< HEAD
<<<<<<< HEAD
(C:\Users\carlo\AppData\Local\Programs\MiKTeX\tex/latex/00miktex\epstopdf-sys.c
fg
File: epstopdf-sys.cfg 2021/03/18 v2.0 Configuration of epstopdf for MiKTeX
)) (C:\Users\carlo\AppData\Local\Programs\MiKTeX\tex/latex/graphics\color.sty
Package: color 2022/01/06 v1.3d Standard LaTeX Color (DPC)
(C:\Users\carlo\AppData\Local\Programs\MiKTeX\tex/latex/graphics-cfg\color.cfg
File: color.cfg 2016/01/02 v1.6 sample color configuration
)
Package color Info: Driver file: pdftex.def on input line 149.
(C:\Users\carlo\AppData\Local\Programs\MiKTeX\tex/latex/graphics\mathcolor.ltx)
=======
(C:\Users\diogo\AppData\Local\Programs\MiKTeX\tex/latex/00miktex\epstopdf-sys.c
fg
=======
(C:\Users\Basi\AppData\Local\Programs\MiKTeX\tex/latex/00miktex\epstopdf-sys.cf
g
>>>>>>> ed0b31a1210eeeff51026a25c287980c8aa49da2
File: epstopdf-sys.cfg 2021/03/18 v2.0 Configuration of epstopdf for MiKTeX
)) (C:\Users\Basi\AppData\Local\Programs\MiKTeX\tex/latex/graphics\color.sty
Package: color 2024/01/14 v1.3d Standard LaTeX Color (DPC)

(C:\Users\Basi\AppData\Local\Programs\MiKTeX\tex/latex/graphics-cfg\color.cfg
File: color.cfg 2016/01/02 v1.6 sample color configuration
)
Package color Info: Driver file: pdftex.def on input line 149.
<<<<<<< HEAD
(C:\Users\diogo\AppData\Local\Programs\MiKTeX\tex/latex/graphics\mathcolor.ltx)
>>>>>>> b5f037bf6d5267855f4da48c4e8f6d1cf4c7919e
)
=======

(C:\Users\Basi\AppData\Local\Programs\MiKTeX\tex/latex/graphics\mathcolor.ltx))
>>>>>>> ed0b31a1210eeeff51026a25c287980c8aa49da2
Package hyperref Info: Link coloring ON on input line 52.
(essay.out) (essay.out)
\@outlinefile=\write4
\openout4 = `essay.out'.

\big@size=\dimen154
Package biblatex Info: Trying to load language 'portuguese'...
Package biblatex Info: ... file 'portuguese.lbx' found.

<<<<<<< HEAD
<<<<<<< HEAD
(C:\Users\carlo\AppData\Local\Programs\MiKTeX\tex/latex/biblatex/lbx\portuguese
=======
(C:\Users\diogo\AppData\Local\Programs\MiKTeX\tex/latex/biblatex/lbx\portuguese
>>>>>>> b5f037bf6d5267855f4da48c4e8f6d1cf4c7919e
.lbx
File: portuguese.lbx 2023/03/05 v3.19 biblatex localization (PK/MW)
=======
(C:\Users\Basi\AppData\Local\Programs\MiKTeX\tex/latex/biblatex/lbx\portuguese.
lbx
File: portuguese.lbx 2024/03/21 v3.20 biblatex localization (PK/MW)
>>>>>>> ed0b31a1210eeeff51026a25c287980c8aa49da2
)
Package biblatex Info: Input encoding 'utf8' detected.
Package biblatex Info: Automatic encoding selection.
(biblatex)             Assuming data encoding 'utf8'.
Package biblatex Info: Input encoding 'utf8' detected.
Package biblatex Info: Data encoding 'utf8' specified.
(biblatex)             No need to reencode data.
\openout3 = `essay-blx.bib'.

Package biblatex Info: Trying to load bibliographic data...


Package biblatex Warning: File 'essay.bbl' is wrong format version - expected 3
.3.

Package biblatex Info: ... file 'essay.bbl' found.
(essay.bbl)
Package biblatex Info: Reference section=0 on input line 52.
Package biblatex Info: Reference segment=0 on input line 52.
LaTeX Font Info:    Trying to load font information for TS1+ppl on input line 5
3.

<<<<<<< HEAD
<<<<<<< HEAD
(C:\Users\carlo\AppData\Local\Programs\MiKTeX\tex/latex/psnfss\ts1ppl.fd
=======
(C:\Users\diogo\AppData\Local\Programs\MiKTeX\tex/latex/psnfss\ts1ppl.fd
>>>>>>> b5f037bf6d5267855f4da48c4e8f6d1cf4c7919e
=======
(C:\Users\Basi\AppData\Local\Programs\MiKTeX\tex/latex/psnfss\ts1ppl.fd
>>>>>>> ed0b31a1210eeeff51026a25c287980c8aa49da2
File: ts1ppl.fd 2001/06/04 font definitions for TS1/ppl.
)

LaTeX Font Warning: Font shape `TS1/ppl/m/sc' undefined
(Font)              using `TS1/ppl/m/n' instead
(Font)              for symbol `textordmasculine' on input line 53.



[1

<<<<<<< HEAD
<<<<<<< HEAD
{C:/Users/carlo/AppData/Local/MiKTeX/fonts/map/pdftex/pdftex.map}{C:/Users/carl
=======
{C:/Users/diogo/AppData/Local/MiKTeX/fonts/map/pdftex/pdftex.map}{C:/Users/diog
>>>>>>> b5f037bf6d5267855f4da48c4e8f6d1cf4c7919e
o/AppData/Local/Programs/MiKTeX/fonts/enc/dvips/base/8r.enc}] (essay.toc
LaTeX Font Info:    Trying to load font information for OT1+ppl on input line 7
.

<<<<<<< HEAD
(C:\Users\carlo\AppData\Local\Programs\MiKTeX\tex/latex/psnfss\ot1ppl.fd
=======
(C:\Users\diogo\AppData\Local\Programs\MiKTeX\tex/latex/psnfss\ot1ppl.fd
>>>>>>> b5f037bf6d5267855f4da48c4e8f6d1cf4c7919e
=======
{C:/Users/Basi/AppData/Local/MiKTeX/fonts/map/pdftex/pdftex.map}{C:/Users/Basi/
AppData/Local/Programs/MiKTeX/fonts/enc/dvips/base/8r.enc}] (essay.toc
LaTeX Font Info:    Trying to load font information for OT1+ppl on input line 7
.

(C:\Users\Basi\AppData\Local\Programs\MiKTeX\tex/latex/psnfss\ot1ppl.fd
>>>>>>> ed0b31a1210eeeff51026a25c287980c8aa49da2
File: ot1ppl.fd 2001/06/04 font definitions for OT1/ppl.
)
LaTeX Font Info:    Trying to load font information for OML+zplm on input line 
7.

<<<<<<< HEAD
<<<<<<< HEAD
(C:\Users\carlo\AppData\Local\Programs\MiKTeX\tex/latex/psnfss\omlzplm.fd
=======
(C:\Users\diogo\AppData\Local\Programs\MiKTeX\tex/latex/psnfss\omlzplm.fd
>>>>>>> b5f037bf6d5267855f4da48c4e8f6d1cf4c7919e
=======
(C:\Users\Basi\AppData\Local\Programs\MiKTeX\tex/latex/psnfss\omlzplm.fd
>>>>>>> ed0b31a1210eeeff51026a25c287980c8aa49da2
File: omlzplm.fd 2002/09/08 Fontinst v1.914 font definitions for OML/zplm.
)
LaTeX Font Info:    Trying to load font information for OMS+zplm on input line 
7.

<<<<<<< HEAD
<<<<<<< HEAD
(C:\Users\carlo\AppData\Local\Programs\MiKTeX\tex/latex/psnfss\omszplm.fd
=======
(C:\Users\diogo\AppData\Local\Programs\MiKTeX\tex/latex/psnfss\omszplm.fd
>>>>>>> b5f037bf6d5267855f4da48c4e8f6d1cf4c7919e
=======
(C:\Users\Basi\AppData\Local\Programs\MiKTeX\tex/latex/psnfss\omszplm.fd
>>>>>>> ed0b31a1210eeeff51026a25c287980c8aa49da2
File: omszplm.fd 2002/09/08 Fontinst v1.914 font definitions for OMS/zplm.
)
LaTeX Font Info:    Trying to load font information for OMX+zplm on input line 
7.

<<<<<<< HEAD
<<<<<<< HEAD
(C:\Users\carlo\AppData\Local\Programs\MiKTeX\tex/latex/psnfss\omxzplm.fd
=======
(C:\Users\diogo\AppData\Local\Programs\MiKTeX\tex/latex/psnfss\omxzplm.fd
>>>>>>> b5f037bf6d5267855f4da48c4e8f6d1cf4c7919e
=======
(C:\Users\Basi\AppData\Local\Programs\MiKTeX\tex/latex/psnfss\omxzplm.fd
>>>>>>> ed0b31a1210eeeff51026a25c287980c8aa49da2
File: omxzplm.fd 2002/09/08 Fontinst v1.914 font definitions for OMX/zplm.
)
LaTeX Font Info:    Trying to load font information for OT1+zplm on input line 
7.

<<<<<<< HEAD
<<<<<<< HEAD
(C:\Users\carlo\AppData\Local\Programs\MiKTeX\tex/latex/psnfss\ot1zplm.fd
=======
(C:\Users\diogo\AppData\Local\Programs\MiKTeX\tex/latex/psnfss\ot1zplm.fd
>>>>>>> b5f037bf6d5267855f4da48c4e8f6d1cf4c7919e
=======
(C:\Users\Basi\AppData\Local\Programs\MiKTeX\tex/latex/psnfss\ot1zplm.fd
>>>>>>> ed0b31a1210eeeff51026a25c287980c8aa49da2
File: ot1zplm.fd 2002/09/08 Fontinst v1.914 font definitions for OT1/zplm.
)
Package microtype Info: Loading generic protrusion settings for font family
(microtype)             `zplm' (encoding: OT1).
(microtype)             For optimal results, create family-specific settings.
(microtype)             See the microtype manual for details.
)
\tf@toc=\write5
\openout5 = `essay.toc'.




pdfTeX warning (ext4): destination with the same identifier (name{page.1}) has 
been already used, duplicate ignored
<to be read again> 
                   \relax 
l.59 \newpage
              [1] (essay.lof)
\tf@lof=\write6
\openout6 = `essay.lof'.

<<<<<<< HEAD
<<<<<<< HEAD
 [2] [3] [4] [5] [6]
Overfull \hbox (5.76895pt too wide) in paragraph at lines 146--171
 [][] 
 []

[7
=======
 [2] [3] [4] [5] [6] [7]
Overfull \hbox (5.76895pt too wide) in paragraph at lines 166--191
=======


[2]

[3]
<../diagrams/context-diagram.png, id=93, 939.51pt x 267.399pt>
File: ../diagrams/context-diagram.png Graphic file (type png)
<use ../diagrams/context-diagram.png>
Package pdftex.def Info: ../diagrams/context-diagram.png  used on input line 10
1.
(pdftex.def)             Requested size: 390.0pt x 110.99707pt.


[4
pdfTeX warning (ext4): destination with the same identifier (name{figure.1}) ha
s been already used, duplicate ignored
<argument> ...shipout:D \box_use:N \l_shipout_box 
                                                  \__shipout_drop_firstpage_...
l.105 \newpage
               <../diagrams/context-diagram.png>]

[5]

[6]

[7]
Overfull \hbox (5.76895pt too wide) in paragraph at lines 169--194
>>>>>>> ed0b31a1210eeeff51026a25c287980c8aa49da2
 [][] 
 []



[8
>>>>>>> b5f037bf6d5267855f4da48c4e8f6d1cf4c7919e
pdfTeX warning (ext4): destination with the same identifier (name{table.1}) has
 been already used, duplicate ignored
<argument> ...shipout:D \box_use:N \l_shipout_box 
                                                  \__shipout_drop_firstpage_...
l.200 \newpage
              ]
Overfull \hbox (15.44073pt too wide) in paragraph at lines 208--227
 [][] 
 []

<<<<<<< HEAD
<<<<<<< HEAD
[8
=======
=======


>>>>>>> ed0b31a1210eeeff51026a25c287980c8aa49da2
[9
>>>>>>> b5f037bf6d5267855f4da48c4e8f6d1cf4c7919e
pdfTeX warning (ext4): destination with the same identifier (name{table.2}) has
 been already used, duplicate ignored
<argument> ...shipout:D \box_use:N \l_shipout_box 
                                                  \__shipout_drop_firstpage_...
<<<<<<< HEAD
<<<<<<< HEAD
l.208 \newpage
              ] [9] [10]

LaTeX Warning: Empty bibliography on input line 238.
=======
l.231 \newpage
=======
l.234 \newpage
>>>>>>> ed0b31a1210eeeff51026a25c287980c8aa49da2
              ]
<../diagrams/system-architecture.png, id=126, 2493.315pt x 891.33pt>
File: ../diagrams/system-architecture.png Graphic file (type png)
<use ../diagrams/system-architecture.png>
Package pdftex.def Info: ../diagrams/system-architecture.png  used on input lin
e 241.
(pdftex.def)             Requested size: 429.00238pt x 153.36017pt.

Overfull \hbox (39.00238pt too wide) in paragraph at lines 241--242
 [][] 
 []
>>>>>>> b5f037bf6d5267855f4da48c4e8f6d1cf4c7919e


LaTeX Warning: Empty bibliography on input line 255.



[10
pdfTeX warning (ext4): destination with the same identifier (name{figure.2}) ha
s been already used, duplicate ignored
<argument> ...shipout:D \box_use:N \l_shipout_box 
                                                  \__shipout_drop_firstpage_...
l.258 \end{document}
                     <../diagrams/system-architecture.png>] (essay.aux)
 ***********
<<<<<<< HEAD
<<<<<<< HEAD
LaTeX2e <2023-11-01> patch level 1
L3 programming layer <2024-01-04>
=======
LaTeX2e <2023-11-01>
L3 programming layer <2023-12-08>
>>>>>>> b5f037bf6d5267855f4da48c4e8f6d1cf4c7919e
=======
LaTeX2e <2024-06-01> patch level 2
L3 programming layer <2024-07-20>
>>>>>>> ed0b31a1210eeeff51026a25c287980c8aa49da2
 ***********


LaTeX Font Warning: Some font shapes were not available, defaults substituted.


LaTeX Warning: There were undefined references.

Package rerunfilecheck Info: File `essay.out' has not changed.
<<<<<<< HEAD
(rerunfilecheck)             Checksum: A768BF1FF26F1BF4B98C2097598FF43D;2466.
=======
(rerunfilecheck)             Checksum: C0C1ED8F3E4578410F3718ABF7E7ECF7;2394.
>>>>>>> b5f037bf6d5267855f4da48c4e8f6d1cf4c7919e

Package biblatex Warning: Please (re)run BibTeX on the file(s):
(biblatex)                essay
(biblatex)                and rerun LaTeX afterwards.

Package logreq Info: Writing requests to 'essay.run.xml'.
\openout1 = `essay.run.xml'.

 ) 
Here is how much of TeX's memory you used:
<<<<<<< HEAD
<<<<<<< HEAD
 19395 strings out of 474486
 343349 string characters out of 5743755
 1934542 words of memory out of 5000000
 41192 multiletter control sequences out of 15000+600000
 589798 words of font info for 212 fonts, out of 8000000 for 9000
 1141 hyphenation exceptions out of 8191
 75i,10n,81p,1918b,1717s stack positions out of 10000i,1000n,20000p,200000b,200000s
<C:/Users/carlo/AppData/Local/Programs/MiKTeX/fonts/type1/urw/palatino/uplb8a
.pfb><C:/Users/carlo/AppData/Local/Programs/MiKTeX/fonts/type1/urw/palatino/upl
r8a.pfb><C:/Users/carlo/AppData/Local/Programs/MiKTeX/fonts/type1/urw/palatino/
uplri8a.pfb>
Output written on essay.pdf (11 pages, 90706 bytes).
PDF statistics:
 153 PDF objects out of 1000 (max. 8388607)
 30 named destinations out of 1000 (max. 500000)
 56953 words of extra memory for PDF output out of 61914 (max. 10000000)
=======
 19368 strings out of 474491
 342792 string characters out of 5743835
 1934473 words of memory out of 5000000
 41178 multiletter control sequences out of 15000+600000
 588994 words of font info for 201 fonts, out of 8000000 for 9000
=======
 19483 strings out of 473899
 344939 string characters out of 5726972
 1935960 words of memory out of 5000000
 41892 multiletter control sequences out of 15000+600000
 588824 words of font info for 197 fonts, out of 8000000 for 9000
>>>>>>> ed0b31a1210eeeff51026a25c287980c8aa49da2
 1141 hyphenation exceptions out of 8191
 75i,10n,81p,1918b,1729s stack positions out of 10000i,1000n,20000p,200000b,200000s
<C:/Users/Basi/AppData/Local/Programs/MiKTeX/fonts/type1/urw/palatino/uplb8a.
pfb><C:/Users/Basi/AppData/Local/Programs/MiKTeX/fonts/type1/urw/palatino/uplr8
a.pfb><C:/Users/Basi/AppData/Local/Programs/MiKTeX/fonts/type1/urw/palatino/upl
ri8a.pfb>
Output written on essay.pdf (11 pages, 209676 bytes).
PDF statistics:
<<<<<<< HEAD
 149 PDF objects out of 1000 (max. 8388607)
 29 named destinations out of 1000 (max. 500000)
 56942 words of extra memory for PDF output out of 61914 (max. 10000000)
>>>>>>> b5f037bf6d5267855f4da48c4e8f6d1cf4c7919e
=======
 156 PDF objects out of 1000 (max. 8388607)
 32 named destinations out of 1000 (max. 500000)
 56947 words of extra memory for PDF output out of 61914 (max. 10000000)
>>>>>>> ed0b31a1210eeeff51026a25c287980c8aa49da2

