\BOOKMARK [1][-]{section.1}{\376\377\000I\000n\000t\000r\000o\000d\000u\000\347\000\343\000o}{}% 1
\BOOKMARK [1][-]{section.2}{\376\377\000C\000o\000n\000t\000e\000x\000t\000u\000a\000l\000i\000z\000a\000\347\000\343\000o\000\040\000d\000o\000\040\000P\000r\000o\000j\000e\000t\000o}{}% 2
\BOOKMARK [1][-]{section.3}{\376\377\000D\000e\000s\000c\000r\000i\000\347\000\343\000o\000\040\000d\000o\000\040\000N\000e\000g\000\363\000c\000i\000o}{}% 3
\BOOKMARK [1][-]{section.4}{\376\377\000O\000b\000j\000e\000t\000i\000v\000o\000s\000\040\000d\000e\000\040\000N\000e\000g\000\363\000c\000i\000o}{}% 4
<<<<<<< HEAD
\BOOKMARK [1][-]{section.5}{\376\377\000R\000e\000g\000u\000l\000a\000m\000e\000n\000t\000o\000\040\000I\000n\000t\000e\000r\000n\000o\000\040\000d\000o\000\040\000G\000r\000u\000p\000o}{}% 5
\BOOKMARK [2][-]{subsection.5.1}{\376\377\000S\000i\000s\000t\000e\000m\000a\000\040\000d\000e\000\040\000A\000v\000a\000l\000i\000a\000\347\000\343\000o\000\040\000I\000n\000t\000e\000r\000n\000o}{section.5}% 6
\BOOKMARK [1][-]{section.6}{\376\377\000R\000e\000q\000u\000i\000s\000i\000t\000o\000s\000\040\000F\000u\000n\000c\000i\000o\000n\000a\000i\000s}{}% 7
\BOOKMARK [1][-]{section.7}{\376\377\000R\000e\000q\000u\000i\000s\000i\000t\000o\000s\000\040\000N\000\343\000o\000\040\000F\000u\000n\000c\000i\000o\000n\000a\000i\000s}{}% 8
\BOOKMARK [1][-]{section.8}{\376\377\000E\000s\000t\000u\000d\000o\000\040\000d\000e\000\040\000V\000i\000a\000b\000i\000l\000i\000d\000a\000d\000e}{}% 9
\BOOKMARK [2][-]{subsection.8.1}{\376\377\000V\000i\000a\000b\000i\000l\000i\000d\000a\000d\000e\000\040\000T\000\351\000c\000n\000i\000c\000a}{section.8}% 10
\BOOKMARK [2][-]{subsection.8.2}{\376\377\000V\000i\000a\000b\000i\000l\000i\000d\000a\000d\000e\000\040\000E\000c\000o\000n\000\363\000m\000i\000c\000a}{section.8}% 11
\BOOKMARK [2][-]{subsection.8.3}{\376\377\000V\000i\000a\000b\000i\000l\000i\000d\000a\000d\000e\000\040\000O\000p\000e\000r\000a\000c\000i\000o\000n\000a\000l}{section.8}% 12
\BOOKMARK [2][-]{subsection.8.4}{\376\377\000V\000i\000a\000b\000i\000l\000i\000d\000a\000d\000e\000\040\000L\000e\000g\000a\000l}{section.8}% 13
\BOOKMARK [2][-]{subsection.8.5}{\376\377\000V\000i\000a\000b\000i\000l\000i\000d\000a\000d\000e\000\040\000d\000e\000\040\000M\000e\000r\000c\000a\000d\000o\000\040\000/\000\040\000S\000o\000c\000i\000a\000l}{section.8}% 14
\BOOKMARK [2][-]{subsection.8.6}{\376\377\000C\000o\000n\000c\000l\000u\000s\000\343\000o}{section.8}% 15
=======
\BOOKMARK [1][-]{section.5}{\376\377\000D\000e\000s\000c\000r\000i\000\347\000\343\000o\000\040\000d\000o\000s\000\040\000I\000n\000t\000e\000r\000e\000s\000s\000a\000d\000o\000s\000\040\000\050\000S\000t\000a\000k\000e\000h\000o\000l\000d\000e\000r\000s\000\051}{}% 5
\BOOKMARK [2][-]{subsection.5.1}{\376\377\000S\000e\000r\000v\000i\000\347\000o\000s\000\040\000d\000e\000\040\000A\000\347\000\343\000o\000\040\000S\000o\000c\000i\000a\000l\000\040\000\050\000S\000A\000S\000\051\000\040\000d\000o\000\040\000I\000P\000C\000A}{section.5}% 6
\BOOKMARK [2][-]{subsection.5.2}{\376\377\000B\000e\000n\000e\000f\000i\000c\000i\000\341\000r\000i\000o\000s}{section.5}% 7
\BOOKMARK [2][-]{subsection.5.3}{\376\377\000D\000o\000a\000d\000o\000r\000e\000s\000\040\000e\000\040\000C\000o\000l\000a\000b\000o\000r\000a\000d\000o\000r\000e\000s\000\040\000E\000x\000t\000e\000r\000n\000o\000s}{section.5}% 8
\BOOKMARK [1][-]{section.6}{\376\377\000R\000e\000g\000u\000l\000a\000m\000e\000n\000t\000o\000\040\000I\000n\000t\000e\000r\000n\000o\000\040\000d\000o\000\040\000G\000r\000u\000p\000o}{}% 9
\BOOKMARK [2][-]{subsection.6.1}{\376\377\000S\000i\000s\000t\000e\000m\000a\000\040\000d\000e\000\040\000A\000v\000a\000l\000i\000a\000\347\000\343\000o\000\040\000I\000n\000t\000e\000r\000n\000o}{section.6}% 10
\BOOKMARK [1][-]{section.7}{\376\377\000R\000e\000q\000u\000i\000s\000i\000t\000o\000s\000\040\000F\000u\000n\000c\000i\000o\000n\000a\000i\000s}{}% 11
\BOOKMARK [1][-]{section.8}{\376\377\000R\000e\000q\000u\000i\000s\000i\000t\000o\000s\000\040\000N\000\343\000o\000\040\000F\000u\000n\000c\000i\000o\000n\000a\000i\000s}{}% 12
\BOOKMARK [1][-]{section.9}{\376\377\000A\000r\000q\000u\000i\000t\000e\000t\000u\000r\000a\000\040\000d\000o\000\040\000S\000i\000s\000t\000e\000m\000a}{}% 13
>>>>>>> b5f037bf6d5267855f4da48c4e8f6d1cf4c7919e
