\BOOKMARK [1][-]{section.1}{\376\377\000R\000e\000u\000n\000i\000\343\000o\000\040\0002\0002\000\040\000S\000e\000t\000e\000m\000b\000r\000o\000\040\0002\0000\0002\0005}{}% 1
\BOOKMARK [1][-]{section.2}{\376\377\000R\000e\000u\000n\000i\000\343\000o\000\040\0002\0006\000\040\000S\000e\000t\000e\000m\000b\000r\000o\000\040\0002\0000\0002\0005}{}% 2
\BOOKMARK [1][-]{section.3}{\376\377\000R\000e\000u\000n\000i\000\343\000o\000\040\0002\0009\000\040\000S\000e\000t\000e\000m\000b\000r\000o\000\040\0002\0000\0002\0005}{}% 3
\BOOKMARK [1][-]{section.4}{\376\377\000R\000e\000u\000n\000i\000\343\000o\000\040\0000\0003\000\040\000O\000u\000t\000u\000b\000r\000o\000\040\0002\0000\0002\0005}{}% 4
\BOOKMARK [1][-]{section.5}{\376\377\000R\000e\000u\000n\000i\000\343\000o\000\040\0000\0006\000\040\000O\000u\000t\000u\000b\000r\000o\000\040\0002\0000\0002\0005}{}% 5
\BOOKMARK [1][-]{section.6}{\376\377\000R\000e\000u\000n\000i\000\343\000o\000\040\0001\0000\000\040\000O\000u\000t\000u\000b\000r\000o\000\040\0002\0000\0002\0005}{}% 6
\BOOKMARK [1][-]{section.7}{\376\377\000R\000e\000u\000n\000i\000\343\000o\000\040\0001\0003\000\040\000O\000u\000t\000u\000b\000r\000o\000\040\0002\0000\0002\0005}{}% 7
\BOOKMARK [1][-]{section.8}{\376\377\000R\000e\000u\000n\000i\000\343\000o\000\040\0001\0007\000\040\000O\000u\000t\000u\000b\000r\000o\000\040\0002\0000\0002\0005}{}% 8
\BOOKMARK [1][-]{section.9}{\376\377\000R\000e\000u\000n\000i\000\343\000o\000\040\0002\0000\000\040\000O\000u\000t\000u\000b\000r\000o\000\040\0002\0000\0002\0005}{}% 9
\BOOKMARK [1][-]{section.10}{\376\377\000R\000e\000u\000n\000i\000\343\000o\000\040\0002\0007\000\040\000O\000u\000t\000u\000b\000r\000o\000\040\0002\0000\0002\0005}{}% 10
\BOOKMARK [1][-]{section.11}{\376\377\000R\000e\000u\000n\000i\000\343\000o\000\040\0003\0001\000\040\000O\000u\000t\000u\000b\000r\000o\000\040\0002\0000\0002\0005}{}% 11
\BOOKMARK [1][-]{section.12}{\376\377\000R\000e\000u\000n\000i\000\343\000o\000\040\0003\000\040\000N\000o\000v\000e\000m\000b\000r\000o\000\040\0002\0000\0002\0005}{}% 12
\BOOKMARK [1][-]{section.13}{\376\377\000R\000e\000u\000n\000i\000\343\000o\000\040\0007\000\040\000N\000o\000v\000e\000m\000b\000r\000o\000\040\0002\0000\0002\0005}{}% 13
\BOOKMARK [1][-]{section.14}{\376\377\000R\000e\000u\000n\000i\000\343\000o\000\040\0001\0000\000\040\000N\000o\000v\000e\000m\000b\000r\000o\000\040\0002\0000\0002\0005}{}% 14
\BOOKMARK [1][-]{section.15}{\376\377\000R\000e\000u\000n\000i\000\343\000o\000\040\0001\0004\000\040\000N\000o\000v\000e\000m\000b\000r\000o\000\040\0002\0000\0002\0005}{}% 15
\BOOKMARK [1][-]{section.16}{\376\377\000R\000e\000u\000n\000i\000\343\000o\000\040\0001\0007\000\040\000N\000o\000v\000e\000m\000b\000r\000o\000\040\0002\0000\0002\0005}{}% 16
\BOOKMARK [1][-]{section.17}{\376\377\000R\000e\000u\000n\000i\000\343\000o\000\040\0002\0001\000\040\000N\000o\000v\000e\000m\000b\000r\000o\000\040\0002\0000\0002\0005}{}% 17
\BOOKMARK [1][-]{section.18}{\376\377\000R\000e\000u\000n\000i\000\343\000o\000\040\0002\0004\000\040\000N\000o\000v\000e\000m\000b\000r\000o\000\040\0002\0000\0002\0005}{}% 18
\BOOKMARK [1][-]{section.19}{\376\377\000R\000e\000u\000n\000i\000\343\000o\000\040\0002\0008\000\040\000N\000o\000v\000e\000m\000b\000r\000o\000\040\0002\0000\0002\0005}{}% 19
\BOOKMARK [1][-]{section.20}{\376\377\000R\000e\000u\000n\000i\000\343\000o\000\040\0005\000\040\000D\000e\000z\000e\000m\000b\000r\000o\000\040\0002\0000\0002\0005}{}% 20
\BOOKMARK [1][-]{section.21}{\376\377\000R\000e\000u\000n\000i\000\343\000o\000\040\0001\0002\000\040\000D\000e\000z\000e\000m\000b\000r\000o\000\040\0002\0000\0002\0005}{}% 21
\BOOKMARK [1][-]{section.22}{\376\377\000R\000e\000u\000n\000i\000\343\000o\000\040\0001\0002\000\040\000D\000e\000z\000e\000m\000b\000r\000o\000\040\0002\0000\0002\0005}{}% 22
